<?xml version="1.0" encoding="UTF-8"?>
<testsuite name="eu.bitfunk.blueprint.mobile.android.app.ExampleUnitTest" tests="1" skipped="0" failures="0" errors="0" timestamp="2023-03-12T13:45:58" hostname="Mac-1678628373425.local" time="0.336">
  <properties/>
  <testcase name="addition_isCorrect" classname="eu.bitfunk.blueprint.mobile.android.app.ExampleUnitTest" time="0.336"/>
  <system-out><![CDATA[]]></system-out>
  <system-err><![CDATA[]]></system-err>
</testsuite>
